<?xml version="1.0" encoding="UTF-8"?>
<!-- Generated by org.testng.reporters.JUnitXMLReporter -->
<testsuite hostname="LAPTOP-6CIFSMOV" name="Default test" tests="10" failures="0" timestamp="27 Sep 2021 13:02:48 GMT" time="92.814" errors="0">
  <testcase name="runScenario" time="20.303" classname="com.urbanladder.runner.runner"/>
  <testcase name="runScenario" time="3.27" classname="com.urbanladder.runner.runner"/>
  <testcase name="runScenario" time="11.882" classname="com.urbanladder.runner.runner"/>
  <testcase name="runScenario" time="8.496" classname="com.urbanladder.runner.runner"/>
  <testcase name="runScenario" time="8.636" classname="com.urbanladder.runner.runner"/>
  <testcase name="runScenario" time="9.178" classname="com.urbanladder.runner.runner"/>
  <testcase name="runScenario" time="8.844" classname="com.urbanladder.runner.runner"/>
  <testcase name="runScenario" time="8.209" classname="com.urbanladder.runner.runner"/>
  <testcase name="runScenario" time="10.297" classname="com.urbanladder.runner.runner"/>
  <testcase name="runScenario" time="3.465" classname="com.urbanladder.runner.runner"/>
</testsuite> <!-- Default test -->
