<?xml version="1.0" encoding="UTF-8"?>
<testng-results skipped="0" failed="0" total="10" passed="10">
  <reporter-output>
  </reporter-output>
  <suite name="Default suite" duration-ms="92814" started-at="2021-09-27T13:01:15Z" finished-at="2021-09-27T13:02:48Z">
    <groups>
      <group name="cucumber">
        <method signature="AbstractTestNGCucumberTests.runScenario(io.cucumber.testng.PickleWrapper, io.cucumber.testng.FeatureWrapper)[pri:0, instance:com.urbanladder.runner.runner@72f926e6]" name="runScenario" class="io.cucumber.testng.AbstractTestNGCucumberTests"/>
      </group> <!-- cucumber -->
    </groups>
    <test name="Default test" duration-ms="92814" started-at="2021-09-27T13:01:15Z" finished-at="2021-09-27T13:02:48Z">
      <class name="com.urbanladder.runner.runner">
        <test-method status="PASS" signature="setUpClass()[pri:0, instance:com.urbanladder.runner.runner@72f926e6]" name="setUpClass" is-config="true" duration-ms="207" started-at="2021-09-27T18:31:15Z" finished-at="2021-09-27T18:31:15Z">
          <reporter-output>
          </reporter-output>
        </test-method> <!-- setUpClass -->
        <test-method status="PASS" signature="runScenario(io.cucumber.testng.PickleWrapper, io.cucumber.testng.FeatureWrapper)[pri:0, instance:com.urbanladder.runner.runner@72f926e6]" name="runScenario" duration-ms="20303" started-at="2021-09-27T18:31:15Z" description="Runs Cucumber Scenarios" data-provider="scenarios" finished-at="2021-09-27T18:31:35Z">
          <params>
            <param index="0">
              <value>
                <![CDATA["Home page default login"]]>
              </value>
            </param>
            <param index="1">
              <value>
                <![CDATA["Optional[Urban Ladder]"]]>
              </value>
            </param>
          </params>
          <reporter-output>
          </reporter-output>
        </test-method> <!-- runScenario -->
        <test-method status="PASS" signature="runScenario(io.cucumber.testng.PickleWrapper, io.cucumber.testng.FeatureWrapper)[pri:0, instance:com.urbanladder.runner.runner@72f926e6]" name="runScenario" duration-ms="3270" started-at="2021-09-27T18:31:35Z" description="Runs Cucumber Scenarios" data-provider="scenarios" finished-at="2021-09-27T18:31:39Z">
          <params>
            <param index="0">
              <value>
                <![CDATA["searching"]]>
              </value>
            </param>
            <param index="1">
              <value>
                <![CDATA["Optional[Urban Ladder]"]]>
              </value>
            </param>
          </params>
          <reporter-output>
          </reporter-output>
        </test-method> <!-- runScenario -->
        <test-method status="PASS" signature="runScenario(io.cucumber.testng.PickleWrapper, io.cucumber.testng.FeatureWrapper)[pri:0, instance:com.urbanladder.runner.runner@72f926e6]" name="runScenario" duration-ms="11882" started-at="2021-09-27T18:31:39Z" description="Runs Cucumber Scenarios" data-provider="scenarios" finished-at="2021-09-27T18:31:51Z">
          <params>
            <param index="0">
              <value>
                <![CDATA["sale"]]>
              </value>
            </param>
            <param index="1">
              <value>
                <![CDATA["Optional[Urban Ladder]"]]>
              </value>
            </param>
          </params>
          <reporter-output>
          </reporter-output>
        </test-method> <!-- runScenario -->
        <test-method status="PASS" signature="runScenario(io.cucumber.testng.PickleWrapper, io.cucumber.testng.FeatureWrapper)[pri:0, instance:com.urbanladder.runner.runner@72f926e6]" name="runScenario" duration-ms="8496" started-at="2021-09-27T18:31:51Z" description="Runs Cucumber Scenarios" data-provider="scenarios" finished-at="2021-09-27T18:31:59Z">
          <params>
            <param index="0">
              <value>
                <![CDATA["living"]]>
              </value>
            </param>
            <param index="1">
              <value>
                <![CDATA["Optional[Urban Ladder]"]]>
              </value>
            </param>
          </params>
          <reporter-output>
          </reporter-output>
        </test-method> <!-- runScenario -->
        <test-method status="PASS" signature="runScenario(io.cucumber.testng.PickleWrapper, io.cucumber.testng.FeatureWrapper)[pri:0, instance:com.urbanladder.runner.runner@72f926e6]" name="runScenario" duration-ms="8636" started-at="2021-09-27T18:31:59Z" description="Runs Cucumber Scenarios" data-provider="scenarios" finished-at="2021-09-27T18:32:08Z">
          <params>
            <param index="0">
              <value>
                <![CDATA["bedroom"]]>
              </value>
            </param>
            <param index="1">
              <value>
                <![CDATA["Optional[Urban Ladder]"]]>
              </value>
            </param>
          </params>
          <reporter-output>
          </reporter-output>
        </test-method> <!-- runScenario -->
        <test-method status="PASS" signature="runScenario(io.cucumber.testng.PickleWrapper, io.cucumber.testng.FeatureWrapper)[pri:0, instance:com.urbanladder.runner.runner@72f926e6]" name="runScenario" duration-ms="9178" started-at="2021-09-27T18:32:08Z" description="Runs Cucumber Scenarios" data-provider="scenarios" finished-at="2021-09-27T18:32:17Z">
          <params>
            <param index="0">
              <value>
                <![CDATA["storage"]]>
              </value>
            </param>
            <param index="1">
              <value>
                <![CDATA["Optional[Urban Ladder]"]]>
              </value>
            </param>
          </params>
          <reporter-output>
          </reporter-output>
        </test-method> <!-- runScenario -->
        <test-method status="PASS" signature="runScenario(io.cucumber.testng.PickleWrapper, io.cucumber.testng.FeatureWrapper)[pri:0, instance:com.urbanladder.runner.runner@72f926e6]" name="runScenario" duration-ms="8844" started-at="2021-09-27T18:32:17Z" description="Runs Cucumber Scenarios" data-provider="scenarios" finished-at="2021-09-27T18:32:26Z">
          <params>
            <param index="0">
              <value>
                <![CDATA["study"]]>
              </value>
            </param>
            <param index="1">
              <value>
                <![CDATA["Optional[Urban Ladder]"]]>
              </value>
            </param>
          </params>
          <reporter-output>
          </reporter-output>
        </test-method> <!-- runScenario -->
        <test-method status="PASS" signature="runScenario(io.cucumber.testng.PickleWrapper, io.cucumber.testng.FeatureWrapper)[pri:0, instance:com.urbanladder.runner.runner@72f926e6]" name="runScenario" duration-ms="8209" started-at="2021-09-27T18:32:26Z" description="Runs Cucumber Scenarios" data-provider="scenarios" finished-at="2021-09-27T18:32:34Z">
          <params>
            <param index="0">
              <value>
                <![CDATA["kids room"]]>
              </value>
            </param>
            <param index="1">
              <value>
                <![CDATA["Optional[Urban Ladder]"]]>
              </value>
            </param>
          </params>
          <reporter-output>
          </reporter-output>
        </test-method> <!-- runScenario -->
        <test-method status="PASS" signature="runScenario(io.cucumber.testng.PickleWrapper, io.cucumber.testng.FeatureWrapper)[pri:0, instance:com.urbanladder.runner.runner@72f926e6]" name="runScenario" duration-ms="10297" started-at="2021-09-27T18:32:34Z" description="Runs Cucumber Scenarios" data-provider="scenarios" finished-at="2021-09-27T18:32:44Z">
          <params>
            <param index="0">
              <value>
                <![CDATA["gift cards"]]>
              </value>
            </param>
            <param index="1">
              <value>
                <![CDATA["Optional[Urban Ladder]"]]>
              </value>
            </param>
          </params>
          <reporter-output>
          </reporter-output>
        </test-method> <!-- runScenario -->
        <test-method status="PASS" signature="runScenario(io.cucumber.testng.PickleWrapper, io.cucumber.testng.FeatureWrapper)[pri:0, instance:com.urbanladder.runner.runner@72f926e6]" name="runScenario" duration-ms="3465" started-at="2021-09-27T18:32:44Z" description="Runs Cucumber Scenarios" data-provider="scenarios" finished-at="2021-09-27T18:32:48Z">
          <params>
            <param index="0">
              <value>
                <![CDATA["bulk orders"]]>
              </value>
            </param>
            <param index="1">
              <value>
                <![CDATA["Optional[Urban Ladder]"]]>
              </value>
            </param>
          </params>
          <reporter-output>
          </reporter-output>
        </test-method> <!-- runScenario -->
        <test-method status="PASS" signature="tearDownClass()[pri:0, instance:com.urbanladder.runner.runner@72f926e6]" name="tearDownClass" is-config="true" duration-ms="8" started-at="2021-09-27T18:32:48Z" finished-at="2021-09-27T18:32:48Z">
          <reporter-output>
          </reporter-output>
        </test-method> <!-- tearDownClass -->
      </class> <!-- com.urbanladder.runner.runner -->
    </test> <!-- Default test -->
  </suite> <!-- Default suite -->
</testng-results>
